[16aug2021 13:08:52.336] [main/INFO] [cpw.mods.modlauncher.Launcher/MODLAUNCHER]: ModLauncher running: args [--gameDir, ., --launchTarget, fmluserdevclient, --fml.mcpVersion, 20210115.111550, --fml.mcVersion, 1.16.5, --fml.forgeGroup, net.minecraftforge, --fml.forgeVersion, 36.2.0, --assetIndex, 1.16, --assetsDir, C:\Users\Eigenaar\.gradle\caches\forge_gradle\assets, --version, MOD_DEV, --username, Dev, --accessToken, ????????, --userProperties, {}]
[16aug2021 13:08:52.340] [main/INFO] [cpw.mods.modlauncher.Launcher/MODLAUNCHER]: ModLauncher 8.0.9+86+master.3cf110c starting: java version 1.8.0_282 by AdoptOpenJDK
[16aug2021 13:08:52.671] [main/INFO] [net.minecraftforge.fml.loading.FixSSL/CORE]: Added Lets Encrypt root certificates as additional trust
[16aug2021 13:08:52.724] [main/INFO] [mixin/]: SpongePowered MIXIN Subsystem Version=0.8.2 Source=file:/C:/Users/Eigenaar/.gradle/caches/modules-2/files-2.1/org.spongepowered/mixin/0.8.2/1cf212283d26f706fd3074318870bebd14d2a9ed/mixin-0.8.2.jar Service=ModLauncher Env=CLIENT
[16aug2021 13:08:55.772] [main/INFO] [mixin/]: Successfully loaded Mixin Connector [org.infernalstudios.infernalexp.mixin.MixinConnector]
[16aug2021 13:08:55.774] [main/INFO] [mixin/]: Successfully loaded Mixin Connector [vazkii.botania.common.MixinConnector]
[16aug2021 13:08:55.776] [main/INFO] [mixin/]: Successfully loaded Mixin Connector [vazkii.patchouli.common.MixinConnector]
[16aug2021 13:08:55.781] [main/INFO] [cpw.mods.modlauncher.LaunchServiceHandler/MODLAUNCHER]: Launching target 'fmluserdevclient' with arguments [--version, MOD_DEV, --gameDir, ., --assetsDir, C:\Users\Eigenaar\.gradle\caches\forge_gradle\assets, --assetIndex, 1.16, --username, Dev, --accessToken, ????????, --userProperties, {}]
[16aug2021 13:08:56.019] [main/INFO] [mixin/]: Remapping refMap infernal-expansion.refmap.json using C:\Users\Eigenaar\Documents\GitHub\Core-2-Feywild\FeyData\build\createSrgToMcp\output.srg
[16aug2021 13:08:56.020] [main/INFO] [mixin/]: Remapping refMap goblintraders.refmap.json using C:\Users\Eigenaar\Documents\GitHub\Core-2-Feywild\FeyData\build\createSrgToMcp\output.srg
[16aug2021 13:08:56.021] [main/INFO] [mixin/]: Remapping refMap refmap.waystones.json using C:\Users\Eigenaar\Documents\GitHub\Core-2-Feywild\FeyData\build\createSrgToMcp\output.srg
[16aug2021 13:08:56.022] [main/INFO] [mixin/]: Remapping refMap sereneseasons.refmap.json using C:\Users\Eigenaar\Documents\GitHub\Core-2-Feywild\FeyData\build\createSrgToMcp\output.srg
[16aug2021 13:08:56.024] [main/INFO] [mixin/]: Remapping refMap libx.refmap.json using C:\Users\Eigenaar\Documents\GitHub\Core-2-Feywild\FeyData\build\createSrgToMcp\output.srg
[16aug2021 13:08:56.028] [main/INFO] [mixin/]: Remapping refMap randompatches.refmap.json using C:\Users\Eigenaar\Documents\GitHub\Core-2-Feywild\FeyData\build\createSrgToMcp\output.srg
[16aug2021 13:08:56.029] [main/INFO] [mixin/]: Remapping refMap mysticalworld.refmap.json using C:\Users\Eigenaar\Documents\GitHub\Core-2-Feywild\FeyData\build\createSrgToMcp\output.srg
[16aug2021 13:08:56.080] [main/WARN] [net.minecraftforge.common.ForgeConfigSpec/CORE]: Configuration file C:\Users\Eigenaar\Documents\GitHub\Core-2-Feywild\FeyData\runClient\config\supplementaries-registry.toml is not correct. Correcting
[16aug2021 13:08:56.081] [main/WARN] [net.minecraftforge.common.ForgeConfigSpec/CORE]: Incorrect key initialization was corrected from null to its default, SimpleCommentedConfig:{}. 
[16aug2021 13:08:56.081] [main/WARN] [net.minecraftforge.common.ForgeConfigSpec/CORE]: Incorrect key initialization.general was corrected from null to its default, SimpleCommentedConfig:{}. 
[16aug2021 13:08:56.081] [main/WARN] [net.minecraftforge.common.ForgeConfigSpec/CORE]: Incorrect key initialization.general.creative_tab was corrected from null to its default, false. 
[16aug2021 13:08:56.081] [main/WARN] [net.minecraftforge.common.ForgeConfigSpec/CORE]: Incorrect key initialization.general.dispensers was corrected from null to its default, true. 
[16aug2021 13:08:56.081] [main/WARN] [net.minecraftforge.common.ForgeConfigSpec/CORE]: Incorrect key initialization.general.jar_tab was corrected from null to its default, false. 
[16aug2021 13:08:56.082] [main/WARN] [net.minecraftforge.common.ForgeConfigSpec/CORE]: Incorrect key initialization.general.custom_configured_screen was corrected from null to its default, true. 
[16aug2021 13:08:56.082] [main/WARN] [net.minecraftforge.common.ForgeConfigSpec/CORE]: Incorrect key initialization.blocks was corrected from null to its default, SimpleCommentedConfig:{}. 
[16aug2021 13:08:56.082] [main/WARN] [net.minecraftforge.common.ForgeConfigSpec/CORE]: Incorrect key initialization.blocks.planter was corrected from null to its default, true. 
[16aug2021 13:08:56.082] [main/WARN] [net.minecraftforge.common.ForgeConfigSpec/CORE]: Incorrect key initialization.blocks.clock_block was corrected from null to its default, true. 
[16aug2021 13:08:56.082] [main/WARN] [net.minecraftforge.common.ForgeConfigSpec/CORE]: Incorrect key initialization.blocks.pedestal was corrected from null to its default, true. 
[16aug2021 13:08:56.082] [main/WARN] [net.minecraftforge.common.ForgeConfigSpec/CORE]: Incorrect key initialization.blocks.wind_vane was corrected from null to its default, true. 
[16aug2021 13:08:56.082] [main/WARN] [net.minecraftforge.common.ForgeConfigSpec/CORE]: Incorrect key initialization.blocks.redstone_illuminator was corrected from null to its default, true. 
[16aug2021 13:08:56.082] [main/WARN] [net.minecraftforge.common.ForgeConfigSpec/CORE]: Incorrect key initialization.blocks.notice_board was corrected from null to its default, true. 
[16aug2021 13:08:56.082] [main/WARN] [net.minecraftforge.common.ForgeConfigSpec/CORE]: Incorrect key initialization.blocks.crank was corrected from null to its default, true. 
[16aug2021 13:08:56.083] [main/WARN] [net.minecraftforge.common.ForgeConfigSpec/CORE]: Incorrect key initialization.blocks.jar was corrected from null to its default, true. 
[16aug2021 13:08:56.083] [main/WARN] [net.minecraftforge.common.ForgeConfigSpec/CORE]: Incorrect key initialization.blocks.faucet was corrected from null to its default, true. 
[16aug2021 13:08:56.083] [main/WARN] [net.minecraftforge.common.ForgeConfigSpec/CORE]: Incorrect key initialization.blocks.turn_table was corrected from null to its default, true. 
[16aug2021 13:08:56.083] [main/WARN] [net.minecraftforge.common.ForgeConfigSpec/CORE]: Incorrect key initialization.blocks.piston_launcher was corrected from null to its default, true. 
[16aug2021 13:08:56.083] [main/WARN] [net.minecraftforge.common.ForgeConfigSpec/CORE]: Incorrect key initialization.blocks.speaker_block was corrected from null to its default, true. 
[16aug2021 13:08:56.083] [main/WARN] [net.minecraftforge.common.ForgeConfigSpec/CORE]: Incorrect key initialization.blocks.sign_post was corrected from null to its default, true. 
[16aug2021 13:08:56.083] [main/WARN] [net.minecraftforge.common.ForgeConfigSpec/CORE]: Incorrect key initialization.blocks.hanging_sign was corrected from null to its default, true. 
[16aug2021 13:08:56.083] [main/WARN] [net.minecraftforge.common.ForgeConfigSpec/CORE]: Incorrect key initialization.blocks.bellows was corrected from null to its default, true. 
[16aug2021 13:08:56.083] [main/WARN] [net.minecraftforge.common.ForgeConfigSpec/CORE]: Incorrect key initialization.blocks.sconce was corrected from null to its default, true. 
[16aug2021 13:08:56.083] [main/WARN] [net.minecraftforge.common.ForgeConfigSpec/CORE]: Incorrect key initialization.blocks.sconce_green was corrected from null to its default, false. 
[16aug2021 13:08:56.083] [main/WARN] [net.minecraftforge.common.ForgeConfigSpec/CORE]: Incorrect key initialization.blocks.candelabra was corrected from null to its default, true. 
[16aug2021 13:08:56.083] [main/WARN] [net.minecraftforge.common.ForgeConfigSpec/CORE]: Incorrect key initialization.blocks.cage was corrected from null to its default, true. 
[16aug2021 13:08:56.083] [main/WARN] [net.minecraftforge.common.ForgeConfigSpec/CORE]: Incorrect key initialization.blocks.item_shelf was corrected from null to its default, true. 
[16aug2021 13:08:56.084] [main/WARN] [net.minecraftforge.common.ForgeConfigSpec/CORE]: Incorrect key initialization.blocks.sconce_lever was corrected from null to its default, true. 
[16aug2021 13:08:56.084] [main/WARN] [net.minecraftforge.common.ForgeConfigSpec/CORE]: Incorrect key initialization.blocks.cog_block was corrected from null to its default, true. 
[16aug2021 13:08:56.084] [main/WARN] [net.minecraftforge.common.ForgeConfigSpec/CORE]: Incorrect key initialization.blocks.candle_holder was corrected from null to its default, true. 
[16aug2021 13:08:56.084] [main/WARN] [net.minecraftforge.common.ForgeConfigSpec/CORE]: Incorrect key initialization.blocks.globe was corrected from null to its default, true. 
[16aug2021 13:08:56.084] [main/WARN] [net.minecraftforge.common.ForgeConfigSpec/CORE]: Incorrect key initialization.blocks.hourglass was corrected from null to its default, true. 
[16aug2021 13:08:56.084] [main/WARN] [net.minecraftforge.common.ForgeConfigSpec/CORE]: Incorrect key initialization.blocks.sack was corrected from null to its default, true. 
[16aug2021 13:08:56.084] [main/WARN] [net.minecraftforge.common.ForgeConfigSpec/CORE]: Incorrect key initialization.blocks.blackboard was corrected from null to its default, true. 
[16aug2021 13:08:56.084] [main/WARN] [net.minecraftforge.common.ForgeConfigSpec/CORE]: Incorrect key initialization.blocks.safe was corrected from null to its default, true. 
[16aug2021 13:08:56.084] [main/WARN] [net.minecraftforge.common.ForgeConfigSpec/CORE]: Incorrect key initialization.blocks.copper_lantern was corrected from null to its default, true. 
[16aug2021 13:08:56.084] [main/WARN] [net.minecraftforge.common.ForgeConfigSpec/CORE]: Incorrect key initialization.blocks.flute was corrected from null to its default, true. 
[16aug2021 13:08:56.084] [main/WARN] [net.minecraftforge.common.ForgeConfigSpec/CORE]: Incorrect key initialization.blocks.gold_trapdoor was corrected from null to its default, true. 
[16aug2021 13:08:56.084] [main/WARN] [net.minecraftforge.common.ForgeConfigSpec/CORE]: Incorrect key initialization.blocks.gold_door was corrected from null to its default, true. 
[16aug2021 13:08:56.084] [main/WARN] [net.minecraftforge.common.ForgeConfigSpec/CORE]: Incorrect key initialization.blocks.bamboo_spikes was corrected from null to its default, true. 
[16aug2021 13:08:56.084] [main/WARN] [net.minecraftforge.common.ForgeConfigSpec/CORE]: Incorrect key initialization.blocks.bamboo_spikes_tipped was corrected from null to its default, true. 
[16aug2021 13:08:56.084] [main/WARN] [net.minecraftforge.common.ForgeConfigSpec/CORE]: Incorrect key initialization.blocks.stone_lamp was corrected from null to its default, true. 
[16aug2021 13:08:56.084] [main/WARN] [net.minecraftforge.common.ForgeConfigSpec/CORE]: Incorrect key initialization.blocks.checker_block was corrected from null to its default, true. 
[16aug2021 13:08:56.085] [main/WARN] [net.minecraftforge.common.ForgeConfigSpec/CORE]: Incorrect key initialization.blocks.netherite_door was corrected from null to its default, true. 
[16aug2021 13:08:56.085] [main/WARN] [net.minecraftforge.common.ForgeConfigSpec/CORE]: Incorrect key initialization.blocks.netherite_trapdoor was corrected from null to its default, true. 
[16aug2021 13:08:56.085] [main/WARN] [net.minecraftforge.common.ForgeConfigSpec/CORE]: Incorrect key initialization.blocks.pancake was corrected from null to its default, true. 
[16aug2021 13:08:56.085] [main/WARN] [net.minecraftforge.common.ForgeConfigSpec/CORE]: Incorrect key initialization.blocks.lock_block was corrected from null to its default, true. 
[16aug2021 13:08:56.085] [main/WARN] [net.minecraftforge.common.ForgeConfigSpec/CORE]: Incorrect key initialization.blocks.flax was corrected from null to its default, true. 
[16aug2021 13:08:56.085] [main/WARN] [net.minecraftforge.common.ForgeConfigSpec/CORE]: Incorrect key initialization.blocks.rope was corrected from null to its default, true. 
[16aug2021 13:08:56.085] [main/WARN] [net.minecraftforge.common.ForgeConfigSpec/CORE]: Incorrect key initialization.blocks.rope_arrow was corrected from null to its default, true. 
[16aug2021 13:08:56.085] [main/WARN] [net.minecraftforge.common.ForgeConfigSpec/CORE]: Incorrect key initialization.blocks.pulley_block was corrected from null to its default, true. 
[16aug2021 13:08:56.085] [main/WARN] [net.minecraftforge.common.ForgeConfigSpec/CORE]: Incorrect key initialization.blocks.fodder was corrected from null to its default, true. 
[16aug2021 13:08:56.085] [main/WARN] [net.minecraftforge.common.ForgeConfigSpec/CORE]: Incorrect key initialization.blocks.bomb was corrected from null to its default, true. 
[16aug2021 13:08:56.085] [main/WARN] [net.minecraftforge.common.ForgeConfigSpec/CORE]: Incorrect key initialization.blocks.crimson_lantern was corrected from null to its default, true. 
[16aug2021 13:08:56.085] [main/WARN] [net.minecraftforge.common.ForgeConfigSpec/CORE]: Incorrect key initialization.blocks.magma_cream_block was corrected from null to its default, true. 
[16aug2021 13:08:56.085] [main/WARN] [net.minecraftforge.common.ForgeConfigSpec/CORE]: Incorrect key initialization.blocks.stick was corrected from null to its default, true. 
[16aug2021 13:08:56.085] [main/WARN] [net.minecraftforge.common.ForgeConfigSpec/CORE]: Incorrect key initialization.blocks.blaze_rod was corrected from null to its default, true. 
[16aug2021 13:08:56.085] [main/WARN] [net.minecraftforge.common.ForgeConfigSpec/CORE]: Incorrect key initialization.blocks.daub was corrected from null to its default, true. 
[16aug2021 13:08:56.086] [main/WARN] [net.minecraftforge.common.ForgeConfigSpec/CORE]: Incorrect key initialization.blocks.wattle_and_daub was corrected from null to its default, true. 
[16aug2021 13:08:56.086] [main/WARN] [net.minecraftforge.common.ForgeConfigSpec/CORE]: Incorrect key initialization.blocks.timber_frame was corrected from null to its default, true. 
[16aug2021 13:08:56.086] [main/WARN] [net.minecraftforge.common.ForgeConfigSpec/CORE]: Incorrect key initialization.blocks.flags was corrected from null to its default, true. 
[16aug2021 13:08:56.086] [main/WARN] [net.minecraftforge.common.ForgeConfigSpec/CORE]: Incorrect key initialization.blocks.stone_tile was corrected from null to its default, true. 
[16aug2021 13:08:56.086] [main/WARN] [net.minecraftforge.common.ForgeConfigSpec/CORE]: Incorrect key initialization.blocks.goblet was corrected from null to its default, true. 
[16aug2021 13:08:56.086] [main/WARN] [net.minecraftforge.common.ForgeConfigSpec/CORE]: Incorrect key initialization.blocks.raked_gravel was corrected from null to its default, true. 
[16aug2021 13:08:56.086] [main/WARN] [net.minecraftforge.common.ForgeConfigSpec/CORE]: Incorrect key initialization.blocks.statue was corrected from null to its default, true. 
[16aug2021 13:08:56.086] [main/WARN] [net.minecraftforge.common.ForgeConfigSpec/CORE]: Incorrect key initialization.blocks.iron_gate was corrected from null to its default, true. 
[16aug2021 13:08:56.086] [main/WARN] [net.minecraftforge.common.ForgeConfigSpec/CORE]: Incorrect key initialization.blocks.amethyst_arrow was corrected from null to its default, true. 
[16aug2021 13:08:56.086] [main/WARN] [net.minecraftforge.common.ForgeConfigSpec/CORE]: Incorrect key initialization.blocks.present was corrected from null to its default, true. 
[16aug2021 13:08:56.086] [main/WARN] [net.minecraftforge.common.ForgeConfigSpec/CORE]: Incorrect key initialization.blocks.laser_block was corrected from null to its default, false. 
[16aug2021 13:08:56.086] [main/WARN] [net.minecraftforge.common.ForgeConfigSpec/CORE]: Incorrect key initialization.entities was corrected from null to its default, SimpleCommentedConfig:{}. 
[16aug2021 13:08:56.087] [main/WARN] [net.minecraftforge.common.ForgeConfigSpec/CORE]: Incorrect key initialization.entities.firefly was corrected from null to its default, true. 
[16aug2021 13:08:56.090] [main/INFO] [mixin/]: Remapping refMap supplementaries.refmap.json using C:\Users\Eigenaar\Documents\GitHub\Core-2-Feywild\FeyData\build\createSrgToMcp\output.srg
[16aug2021 13:08:56.092] [main/INFO] [mixin/]: Remapping refMap betterendforge.refmap.json using C:\Users\Eigenaar\Documents\GitHub\Core-2-Feywild\FeyData\build\createSrgToMcp\output.srg
[16aug2021 13:08:56.094] [main/INFO] [mixin/]: Remapping refMap selene.refmap.json using C:\Users\Eigenaar\Documents\GitHub\Core-2-Feywild\FeyData\build\createSrgToMcp\output.srg
[16aug2021 13:08:56.095] [main/INFO] [mixin/]: Remapping refMap mythicbotany.refmap.json using C:\Users\Eigenaar\Documents\GitHub\Core-2-Feywild\FeyData\build\createSrgToMcp\output.srg
[16aug2021 13:08:56.096] [main/INFO] [mixin/]: Remapping refMap farmersdelight.refmap.json using C:\Users\Eigenaar\Documents\GitHub\Core-2-Feywild\FeyData\build\createSrgToMcp\output.srg
[16aug2021 13:08:56.098] [main/INFO] [mixin/]: Remapping refMap fastfurnaceminusreplacement.refmap.json using C:\Users\Eigenaar\Documents\GitHub\Core-2-Feywild\FeyData\build\createSrgToMcp\output.srg
[16aug2021 13:08:56.099] [main/INFO] [mixin/]: Remapping refMap psi.refmap.json using C:\Users\Eigenaar\Documents\GitHub\Core-2-Feywild\FeyData\build\createSrgToMcp\output.srg
[16aug2021 13:08:56.101] [main/INFO] [mixin/]: Remapping refMap simplyimprovedterrain.refmap.json using C:\Users\Eigenaar\Documents\GitHub\Core-2-Feywild\FeyData\build\createSrgToMcp\output.srg
[16aug2021 13:08:56.103] [main/INFO] [mixin/]: Remapping refMap flywheel.refmap.json using C:\Users\Eigenaar\Documents\GitHub\Core-2-Feywild\FeyData\build\createSrgToMcp\output.srg
[16aug2021 13:08:56.104] [main/INFO] [mixin/]: Remapping refMap create.refmap.json using C:\Users\Eigenaar\Documents\GitHub\Core-2-Feywild\FeyData\build\createSrgToMcp\output.srg
[16aug2021 13:08:56.105] [main/INFO] [mixin/]: Remapping refMap eidolon.refmap.json using C:\Users\Eigenaar\Documents\GitHub\Core-2-Feywild\FeyData\build\createSrgToMcp\output.srg
[16aug2021 13:08:56.106] [main/INFO] [mixin/]: Remapping refMap polymorph.refmap.json using C:\Users\Eigenaar\Documents\GitHub\Core-2-Feywild\FeyData\build\createSrgToMcp\output.srg
[16aug2021 13:08:56.110] [main/INFO] [mixin/]: Remapping refMap polymorph.refmap.json using C:\Users\Eigenaar\Documents\GitHub\Core-2-Feywild\FeyData\build\createSrgToMcp\output.srg
[16aug2021 13:08:56.114] [main/WARN] [mixin/]: Reference map 'raccpackeidolon.refmap.json' for raccpack-eidolon.mixins.json could not be read. If this is a development environment you can ignore this message
[16aug2021 13:08:56.116] [main/WARN] [mixin/]: Reference map 'naturesstarlight.refmap.json' for naturesstarlight.mixins.json could not be read. If this is a development environment you can ignore this message
[16aug2021 13:08:56.117] [main/INFO] [mixin/]: Remapping refMap fastbenchminusreplacement.refmap.json using C:\Users\Eigenaar\Documents\GitHub\Core-2-Feywild\FeyData\build\createSrgToMcp\output.srg
[16aug2021 13:08:56.119] [main/INFO] [mixin/]: Remapping refMap magipsi.refmap.json using C:\Users\Eigenaar\Documents\GitHub\Core-2-Feywild\FeyData\build\createSrgToMcp\output.srg
[16aug2021 13:08:56.123] [main/INFO] [mixin/]: Remapping refMap ars_nouveau.refmap.json using C:\Users\Eigenaar\Documents\GitHub\Core-2-Feywild\FeyData\build\createSrgToMcp\output.srg
[16aug2021 13:08:56.124] [main/INFO] [mixin/]: Remapping refMap dungeons_gear.refmap.json using C:\Users\Eigenaar\Documents\GitHub\Core-2-Feywild\FeyData\build\createSrgToMcp\output.srg
[16aug2021 13:08:56.126] [main/INFO] [mixin/]: Remapping refMap botania.refmap.json using C:\Users\Eigenaar\Documents\GitHub\Core-2-Feywild\FeyData\build\createSrgToMcp\output.srg
[16aug2021 13:08:56.128] [main/INFO] [mixin/]: Remapping refMap patchouli.refmap.json using C:\Users\Eigenaar\Documents\GitHub\Core-2-Feywild\FeyData\build\createSrgToMcp\output.srg
[16aug2021 13:08:56.230] [main/INFO] [net.minecraftforge.coremod.CoreMod.astralsorcery/COREMODLOG]: Adding 'add_custom_entity_collision' ASM patch...
[16aug2021 13:08:56.264] [main/INFO] [net.minecraftforge.coremod.CoreMod.astralsorcery/COREMODLOG]: Added 'add_custom_entity_collision' ASM patch!
[16aug2021 13:08:56.539] [main/INFO] [net.minecraftforge.coremod.CoreMod.observerlib/COREMODLOG]: Adding 'on_block_change' ASM patch...
[16aug2021 13:08:56.553] [main/INFO] [net.minecraftforge.coremod.CoreMod.observerlib/COREMODLOG]: Added 'on_block_change' ASM patch!
[16aug2021 13:08:56.558] [main/INFO] [net.minecraftforge.coremod.CoreMod.astralsorcery/COREMODLOG]: Adding 'sun_brightness_server' ASM patch...
[16aug2021 13:08:56.565] [main/INFO] [net.minecraftforge.coremod.CoreMod.astralsorcery/COREMODLOG]: Added 'sun_brightness_server' ASM patch!
[16aug2021 13:08:56.843] [main/INFO] [net.minecraftforge.coremod.CoreMod.astralsorcery/COREMODLOG]: Adding 'reach_set_server_entity_interact' ASM patch...
[16aug2021 13:08:56.848] [main/INFO] [net.minecraftforge.coremod.CoreMod.astralsorcery/COREMODLOG]: Added 'reach_set_server_entity_interact' ASM patch!
[16aug2021 13:08:56.852] [main/INFO] [net.minecraftforge.coremod.CoreMod.astralsorcery/COREMODLOG]: Adding 'allow_entity_interaction' ASM patch...
[16aug2021 13:08:56.855] [main/INFO] [net.minecraftforge.coremod.CoreMod.astralsorcery/COREMODLOG]: Added 'allow_entity_interaction' ASM patch!
[16aug2021 13:08:57.109] [main/INFO] [net.minecraftforge.coremod.CoreMod.astralsorcery/COREMODLOG]: Adding 'set_player_field' ASM patch...
[16aug2021 13:08:57.112] [main/INFO] [net.minecraftforge.coremod.CoreMod.astralsorcery/COREMODLOG]: Added 'set_player_field' ASM patch!
[16aug2021 13:08:57.115] [main/INFO] [net.minecraftforge.coremod.CoreMod.astralsorcery/COREMODLOG]: Adding 'water_movement_slowdown_prevention' ASM patch...
[16aug2021 13:08:57.117] [main/INFO] [net.minecraftforge.coremod.CoreMod.astralsorcery/COREMODLOG]: Added 'water_movement_slowdown_prevention' ASM patch!
[16aug2021 13:08:57.240] [main/INFO] [net.minecraftforge.coremod.CoreMod.astralsorcery/COREMODLOG]: Adding 'reach_set_client_renderer' ASM patch...
[16aug2021 13:08:57.244] [main/INFO] [net.minecraftforge.coremod.CoreMod.astralsorcery/COREMODLOG]: Added 'reach_set_client_renderer' ASM patch!
[16aug2021 13:08:57.448] [main/INFO] [net.minecraftforge.coremod.CoreMod.astralsorcery/COREMODLOG]: Adding 'add_missing_tag_enchantment_tooltip' ASM patch...
[16aug2021 13:08:57.461] [main/INFO] [net.minecraftforge.coremod.CoreMod.astralsorcery/COREMODLOG]: Added 'add_missing_tag_enchantment_tooltip' ASM patch!
[16aug2021 13:08:57.465] [main/INFO] [net.minecraftforge.coremod.CoreMod.astralsorcery/COREMODLOG]: Adding 'add_enchantment_tooltip' ASM patch...
[16aug2021 13:08:57.472] [main/INFO] [net.minecraftforge.coremod.CoreMod.astralsorcery/COREMODLOG]: Added 'add_enchantment_tooltip' ASM patch!
[16aug2021 13:08:57.562] [main/INFO] [net.minecraftforge.coremod.CoreMod.astralsorcery/COREMODLOG]: Adding 'sun_brightness_client' ASM patch...
[16aug2021 13:08:57.563] [main/INFO] [net.minecraftforge.coremod.CoreMod.astralsorcery/COREMODLOG]: Added 'sun_brightness_client' ASM patch!
[16aug2021 13:08:57.804] [main/INFO] [net.minecraftforge.coremod.CoreMod.astralsorcery/COREMODLOG]: Adding 'add_missing_tag_enchantment_tooltip' ASM patch...
[16aug2021 13:08:57.805] [main/INFO] [net.minecraftforge.coremod.CoreMod.astralsorcery/COREMODLOG]: Added 'add_missing_tag_enchantment_tooltip' ASM patch!
[16aug2021 13:08:57.805] [main/INFO] [net.minecraftforge.coremod.CoreMod.astralsorcery/COREMODLOG]: Adding 'add_enchantment_tooltip' ASM patch...
[16aug2021 13:08:57.806] [main/INFO] [net.minecraftforge.coremod.CoreMod.astralsorcery/COREMODLOG]: Added 'add_enchantment_tooltip' ASM patch!
[16aug2021 13:08:57.849] [main/FATAL] [mixin/]: Mixin apply failed assets/botania/botania.mixins.json:MixinPlayerEntity -> net.minecraft.entity.player.PlayerEntity: org.spongepowered.asm.mixin.transformer.throwables.InvalidMixinException @Shadow method func_195067_a in assets/botania/botania.mixins.json:MixinPlayerEntity was not located in the target class net.minecraft.entity.player.PlayerEntity. Using refmap botania.refmap.json
org.spongepowered.asm.mixin.transformer.throwables.InvalidMixinException: @Shadow method func_195067_a in assets/botania/botania.mixins.json:MixinPlayerEntity was not located in the target class net.minecraft.entity.player.PlayerEntity. Using refmap botania.refmap.json
	at org.spongepowered.asm.mixin.transformer.MixinPreProcessorStandard.attachSpecialMethod(MixinPreProcessorStandard.java:429) ~[mixin-0.8.2.jar:0.8.2+unknown-b0.git-unknown]
	at org.spongepowered.asm.mixin.transformer.MixinPreProcessorStandard.attachShadowMethod(MixinPreProcessorStandard.java:402) ~[mixin-0.8.2.jar:0.8.2+unknown-b0.git-unknown]
	at org.spongepowered.asm.mixin.transformer.MixinPreProcessorStandard.attachMethods(MixinPreProcessorStandard.java:330) ~[mixin-0.8.2.jar:0.8.2+unknown-b0.git-unknown]
	at org.spongepowered.asm.mixin.transformer.MixinPreProcessorStandard.attach(MixinPreProcessorStandard.java:289) ~[mixin-0.8.2.jar:0.8.2+unknown-b0.git-unknown]
	at org.spongepowered.asm.mixin.transformer.MixinPreProcessorStandard.createContextFor(MixinPreProcessorStandard.java:267) ~[mixin-0.8.2.jar:0.8.2+unknown-b0.git-unknown]
	at org.spongepowered.asm.mixin.transformer.MixinInfo.createContextFor(MixinInfo.java:1271) ~[mixin-0.8.2.jar:0.8.2+unknown-b0.git-unknown]
	at org.spongepowered.asm.mixin.transformer.MixinApplicatorStandard.apply(MixinApplicatorStandard.java:287) ~[mixin-0.8.2.jar:0.8.2+unknown-b0.git-unknown]
	at org.spongepowered.asm.mixin.transformer.TargetClassContext.applyMixins(TargetClassContext.java:345) ~[mixin-0.8.2.jar:0.8.2+unknown-b0.git-unknown]
	at org.spongepowered.asm.mixin.transformer.MixinProcessor.applyMixins(MixinProcessor.java:569) ~[mixin-0.8.2.jar:0.8.2+unknown-b0.git-unknown]
	at org.spongepowered.asm.mixin.transformer.MixinProcessor.applyMixins(MixinProcessor.java:351) ~[mixin-0.8.2.jar:0.8.2+unknown-b0.git-unknown]
	at org.spongepowered.asm.mixin.transformer.MixinTransformer.transformClass(MixinTransformer.java:223) ~[mixin-0.8.2.jar:0.8.2+unknown-b0.git-unknown]
	at org.spongepowered.asm.mixin.transformer.MixinTransformationHandler.processClass(MixinTransformationHandler.java:121) ~[mixin-0.8.2.jar:0.8.2+unknown-b0.git-unknown]
	at org.spongepowered.asm.launch.MixinLaunchPlugin.processClass(MixinLaunchPlugin.java:131) ~[mixin-0.8.2.jar:0.8.2+unknown-b0.git-unknown]
	at cpw.mods.modlauncher.serviceapi.ILaunchPluginService.processClassWithFlags(ILaunchPluginService.java:154) ~[modlauncher-8.0.9.jar:8.0.9+86+master.3cf110c]
	at cpw.mods.modlauncher.LaunchPluginHandler.offerClassNodeToPlugins(LaunchPluginHandler.java:85) ~[modlauncher-8.0.9.jar:?]
	at cpw.mods.modlauncher.ClassTransformer.transform(ClassTransformer.java:120) ~[modlauncher-8.0.9.jar:?]
	at cpw.mods.modlauncher.TransformingClassLoader$DelegatedClassLoader.findClass(TransformingClassLoader.java:265) ~[modlauncher-8.0.9.jar:?]
	at cpw.mods.modlauncher.TransformingClassLoader.loadClass(TransformingClassLoader.java:136) ~[modlauncher-8.0.9.jar:?]
	at cpw.mods.modlauncher.TransformingClassLoader.loadClass(TransformingClassLoader.java:98) ~[modlauncher-8.0.9.jar:?]
	at java.lang.ClassLoader.loadClass(ClassLoader.java:351) ~[?:1.8.0_282]
	at net.minecraft.client.main.Main.main(Main.java:118) ~[forge-1.16.5-36.2.0_mapped_official_1.16.5-recomp.jar:?]
	at sun.reflect.NativeMethodAccessorImpl.invoke0(Native Method) ~[?:1.8.0_282]
	at sun.reflect.NativeMethodAccessorImpl.invoke(NativeMethodAccessorImpl.java:62) ~[?:1.8.0_282]
	at sun.reflect.DelegatingMethodAccessorImpl.invoke(DelegatingMethodAccessorImpl.java:43) ~[?:1.8.0_282]
	at java.lang.reflect.Method.invoke(Method.java:498) ~[?:1.8.0_282]
	at net.minecraftforge.userdev.FMLUserdevClientLaunchProvider.lambda$launchService$0(FMLUserdevClientLaunchProvider.java:52) ~[forge-1.16.5-36.2.0_mapped_official_1.16.5-recomp.jar:?]
	at cpw.mods.modlauncher.LaunchServiceHandlerDecorator.launch(LaunchServiceHandlerDecorator.java:37) [modlauncher-8.0.9.jar:?]
	at cpw.mods.modlauncher.LaunchServiceHandler.launch(LaunchServiceHandler.java:54) [modlauncher-8.0.9.jar:?]
	at cpw.mods.modlauncher.LaunchServiceHandler.launch(LaunchServiceHandler.java:72) [modlauncher-8.0.9.jar:?]
	at cpw.mods.modlauncher.Launcher.run(Launcher.java:82) [modlauncher-8.0.9.jar:?]
	at cpw.mods.modlauncher.Launcher.main(Launcher.java:66) [modlauncher-8.0.9.jar:?]
	at net.minecraftforge.userdev.LaunchTesting.main(LaunchTesting.java:108) [forge-1.16.5-36.2.0_mapped_official_1.16.5-recomp.jar:?]
[16aug2021 13:08:57.857] [main/INFO] [STDERR/]: [java.lang.ThreadGroup:uncaughtException:1052]: java.lang.RuntimeException: java.lang.reflect.InvocationTargetException
[16aug2021 13:08:57.857] [main/INFO] [STDERR/]: [java.lang.ThreadGroup:uncaughtException:1052]: 	at cpw.mods.modlauncher.LaunchServiceHandlerDecorator.launch(LaunchServiceHandlerDecorator.java:39)
[16aug2021 13:08:57.857] [main/INFO] [STDERR/]: [java.lang.ThreadGroup:uncaughtException:1052]: 	at cpw.mods.modlauncher.LaunchServiceHandler.launch(LaunchServiceHandler.java:54)
[16aug2021 13:08:57.857] [main/INFO] [STDERR/]: [java.lang.ThreadGroup:uncaughtException:1052]: 	at cpw.mods.modlauncher.LaunchServiceHandler.launch(LaunchServiceHandler.java:72)
[16aug2021 13:08:57.857] [main/INFO] [STDERR/]: [java.lang.ThreadGroup:uncaughtException:1052]: 	at cpw.mods.modlauncher.Launcher.run(Launcher.java:82)
[16aug2021 13:08:57.857] [main/INFO] [STDERR/]: [java.lang.ThreadGroup:uncaughtException:1052]: 	at cpw.mods.modlauncher.Launcher.main(Launcher.java:66)
[16aug2021 13:08:57.857] [main/INFO] [STDERR/]: [java.lang.ThreadGroup:uncaughtException:1052]: 	at net.minecraftforge.userdev.LaunchTesting.main(LaunchTesting.java:108)
[16aug2021 13:08:57.858] [main/INFO] [STDERR/]: [java.lang.ThreadGroup:uncaughtException:1061]: Caused by: java.lang.reflect.InvocationTargetException
[16aug2021 13:08:57.858] [main/INFO] [STDERR/]: [java.lang.ThreadGroup:uncaughtException:1061]: 	at sun.reflect.NativeMethodAccessorImpl.invoke0(Native Method)
[16aug2021 13:08:57.858] [main/INFO] [STDERR/]: [java.lang.ThreadGroup:uncaughtException:1061]: 	at sun.reflect.NativeMethodAccessorImpl.invoke(NativeMethodAccessorImpl.java:62)
[16aug2021 13:08:57.858] [main/INFO] [STDERR/]: [java.lang.ThreadGroup:uncaughtException:1061]: 	at sun.reflect.DelegatingMethodAccessorImpl.invoke(DelegatingMethodAccessorImpl.java:43)
[16aug2021 13:08:57.858] [main/INFO] [STDERR/]: [java.lang.ThreadGroup:uncaughtException:1061]: 	at java.lang.reflect.Method.invoke(Method.java:498)
[16aug2021 13:08:57.858] [main/INFO] [STDERR/]: [java.lang.ThreadGroup:uncaughtException:1061]: 	at net.minecraftforge.userdev.FMLUserdevClientLaunchProvider.lambda$launchService$0(FMLUserdevClientLaunchProvider.java:52)
[16aug2021 13:08:57.858] [main/INFO] [STDERR/]: [java.lang.ThreadGroup:uncaughtException:1061]: 	at cpw.mods.modlauncher.LaunchServiceHandlerDecorator.launch(LaunchServiceHandlerDecorator.java:37)
[16aug2021 13:08:57.858] [main/INFO] [STDERR/]: [java.lang.ThreadGroup:uncaughtException:1061]: 	... 5 more
[16aug2021 13:08:57.858] [main/INFO] [STDERR/]: [java.lang.Throwable:printStackTrace:644]: Caused by: org.spongepowered.asm.mixin.transformer.throwables.MixinTransformerError: An unexpected critical error was encountered
[16aug2021 13:08:57.858] [main/INFO] [STDERR/]: [java.lang.Throwable:printStackTrace:644]: 	at org.spongepowered.asm.mixin.transformer.MixinProcessor.applyMixins(MixinProcessor.java:363)
[16aug2021 13:08:57.858] [main/INFO] [STDERR/]: [java.lang.Throwable:printStackTrace:644]: 	at org.spongepowered.asm.mixin.transformer.MixinTransformer.transformClass(MixinTransformer.java:223)
[16aug2021 13:08:57.858] [main/INFO] [STDERR/]: [java.lang.Throwable:printStackTrace:644]: 	at org.spongepowered.asm.mixin.transformer.MixinTransformationHandler.processClass(MixinTransformationHandler.java:121)
[16aug2021 13:08:57.858] [main/INFO] [STDERR/]: [java.lang.Throwable:printStackTrace:644]: 	at org.spongepowered.asm.launch.MixinLaunchPlugin.processClass(MixinLaunchPlugin.java:131)
[16aug2021 13:08:57.858] [main/INFO] [STDERR/]: [java.lang.Throwable:printStackTrace:644]: 	at cpw.mods.modlauncher.serviceapi.ILaunchPluginService.processClassWithFlags(ILaunchPluginService.java:154)
[16aug2021 13:08:57.858] [main/INFO] [STDERR/]: [java.lang.Throwable:printStackTrace:644]: 	at cpw.mods.modlauncher.LaunchPluginHandler.offerClassNodeToPlugins(LaunchPluginHandler.java:85)
[16aug2021 13:08:57.859] [main/INFO] [STDERR/]: [java.lang.Throwable:printStackTrace:644]: 	at cpw.mods.modlauncher.ClassTransformer.transform(ClassTransformer.java:120)
[16aug2021 13:08:57.859] [main/INFO] [STDERR/]: [java.lang.Throwable:printStackTrace:644]: 	at cpw.mods.modlauncher.TransformingClassLoader$DelegatedClassLoader.findClass(TransformingClassLoader.java:265)
[16aug2021 13:08:57.859] [main/INFO] [STDERR/]: [java.lang.Throwable:printStackTrace:644]: 	at cpw.mods.modlauncher.TransformingClassLoader.loadClass(TransformingClassLoader.java:136)
[16aug2021 13:08:57.859] [main/INFO] [STDERR/]: [java.lang.Throwable:printStackTrace:644]: 	at cpw.mods.modlauncher.TransformingClassLoader.loadClass(TransformingClassLoader.java:98)
[16aug2021 13:08:57.859] [main/INFO] [STDERR/]: [java.lang.Throwable:printStackTrace:644]: 	at java.lang.ClassLoader.loadClass(ClassLoader.java:351)
[16aug2021 13:08:57.859] [main/INFO] [STDERR/]: [java.lang.Throwable:printStackTrace:644]: 	at net.minecraft.client.main.Main.main(Main.java:118)
[16aug2021 13:08:57.859] [main/INFO] [STDERR/]: [java.lang.Throwable:printStackTrace:644]: 	... 11 more
[16aug2021 13:08:57.859] [main/INFO] [STDERR/]: [java.lang.Throwable:printStackTrace:668]: Caused by: org.spongepowered.asm.mixin.throwables.MixinApplyError: Mixin [assets/botania/botania.mixins.json:MixinPlayerEntity] from phase [DEFAULT] in config [assets/botania/botania.mixins.json] FAILED during APPLY
[16aug2021 13:08:57.859] [main/INFO] [STDERR/]: [java.lang.Throwable:printStackTrace:668]: 	at org.spongepowered.asm.mixin.transformer.MixinProcessor.handleMixinError(MixinProcessor.java:642)
[16aug2021 13:08:57.859] [main/INFO] [STDERR/]: [java.lang.Throwable:printStackTrace:668]: 	at org.spongepowered.asm.mixin.transformer.MixinProcessor.handleMixinApplyError(MixinProcessor.java:594)
[16aug2021 13:08:57.859] [main/INFO] [STDERR/]: [java.lang.Throwable:printStackTrace:668]: 	at org.spongepowered.asm.mixin.transformer.MixinProcessor.applyMixins(MixinProcessor.java:356)
[16aug2021 13:08:57.859] [main/INFO] [STDERR/]: [java.lang.Throwable:printStackTrace:668]: 	... 22 more
[16aug2021 13:08:57.859] [main/INFO] [STDERR/]: [java.lang.Throwable:printEnclosedStackTrace:710]: Caused by: org.spongepowered.asm.mixin.transformer.throwables.InvalidMixinException: @Shadow method func_195067_a in assets/botania/botania.mixins.json:MixinPlayerEntity was not located in the target class net.minecraft.entity.player.PlayerEntity. Using refmap botania.refmap.json
[16aug2021 13:08:57.859] [main/INFO] [STDERR/]: [java.lang.Throwable:printEnclosedStackTrace:710]: 	at org.spongepowered.asm.mixin.transformer.MixinPreProcessorStandard.attachSpecialMethod(MixinPreProcessorStandard.java:429)
[16aug2021 13:08:57.860] [main/INFO] [STDERR/]: [java.lang.Throwable:printEnclosedStackTrace:710]: 	at org.spongepowered.asm.mixin.transformer.MixinPreProcessorStandard.attachShadowMethod(MixinPreProcessorStandard.java:402)
[16aug2021 13:08:57.860] [main/INFO] [STDERR/]: [java.lang.Throwable:printEnclosedStackTrace:710]: 	at org.spongepowered.asm.mixin.transformer.MixinPreProcessorStandard.attachMethods(MixinPreProcessorStandard.java:330)
[16aug2021 13:08:57.860] [main/INFO] [STDERR/]: [java.lang.Throwable:printEnclosedStackTrace:710]: 	at org.spongepowered.asm.mixin.transformer.MixinPreProcessorStandard.attach(MixinPreProcessorStandard.java:289)
[16aug2021 13:08:57.860] [main/INFO] [STDERR/]: [java.lang.Throwable:printEnclosedStackTrace:710]: 	at org.spongepowered.asm.mixin.transformer.MixinPreProcessorStandard.createContextFor(MixinPreProcessorStandard.java:267)
[16aug2021 13:08:57.860] [main/INFO] [STDERR/]: [java.lang.Throwable:printEnclosedStackTrace:710]: 	at org.spongepowered.asm.mixin.transformer.MixinInfo.createContextFor(MixinInfo.java:1271)
[16aug2021 13:08:57.860] [main/INFO] [STDERR/]: [java.lang.Throwable:printEnclosedStackTrace:710]: 	at org.spongepowered.asm.mixin.transformer.MixinApplicatorStandard.apply(MixinApplicatorStandard.java:287)
[16aug2021 13:08:57.860] [main/INFO] [STDERR/]: [java.lang.Throwable:printEnclosedStackTrace:710]: 	at org.spongepowered.asm.mixin.transformer.TargetClassContext.applyMixins(TargetClassContext.java:345)
[16aug2021 13:08:57.860] [main/INFO] [STDERR/]: [java.lang.Throwable:printEnclosedStackTrace:710]: 	at org.spongepowered.asm.mixin.transformer.MixinProcessor.applyMixins(MixinProcessor.java:569)
[16aug2021 13:08:57.860] [main/INFO] [STDERR/]: [java.lang.Throwable:printEnclosedStackTrace:710]: 	at org.spongepowered.asm.mixin.transformer.MixinProcessor.applyMixins(MixinProcessor.java:351)
[16aug2021 13:08:57.860] [main/INFO] [STDERR/]: [java.lang.Throwable:printEnclosedStackTrace:710]: 	... 22 more
